Build started 11/28/2014 7:59:29 PM.
     1>Project "C:\Users\arsh\Documents\Visual Studio 2010\Projects\Helicopter\Assembly-Project-2\Helicopter\Helicopter\Helicopter.vcxproj" on node 2 (build target(s)).
     1>InitializeBuildStatus:
         Creating "Debug\Helicopter.unsuccessfulbuild" because "AlwaysCreate" was specified.
       ClCompile:
         C:\Program Files (x86)\Microsoft Visual Studio 10.0\VC\bin\CL.exe /c /ZI /nologo /W3 /WX- /Od /Oy- /D WIN32 /D _DEBUG /D _CONSOLE /D _UNICODE /D UNICODE /Gm /EHsc /RTC1 /MDd /GS /fp:precise /Zc:wchar_t /Zc:forScope /Fo"Debug\\" /Fd"Debug\vc100.pdb" /Gd /TP /analyze- /errorReport:prompt 01_hello_SDL.cpp
         01_hello_SDL.cpp
       ManifestResourceCompile:
         All outputs are up-to-date.
       Link:
         C:\Program Files (x86)\Microsoft Visual Studio 10.0\VC\bin\link.exe /ERRORREPORT:PROMPT /OUT:"C:\Users\arsh\Documents\Visual Studio 2010\Projects\Helicopter\Assembly-Project-2\Helicopter\Debug\Helicopter.exe" /INCREMENTAL /NOLOGO SDL2.lib SDL2main.lib kernel32.lib user32.lib gdi32.lib winspool.lib comdlg32.lib advapi32.lib shell32.lib ole32.lib oleaut32.lib uuid.lib odbc32.lib odbccp32.lib /MANIFEST /ManifestFile:"Debug\Helicopter.exe.intermediate.manifest" /MANIFESTUAC:"level='asInvoker' uiAccess='false'" /DEBUG /PDB:"C:\Users\arsh\Documents\Visual Studio 2010\Projects\Helicopter\Assembly-Project-2\Helicopter\Debug\Helicopter.pdb" /SUBSYSTEM:CONSOLE /TLBID:1 /ENTRY:"SDL_main" /DYNAMICBASE /NXCOMPAT /IMPLIB:"C:\Users\arsh\Documents\Visual Studio 2010\Projects\Helicopter\Assembly-Project-2\Helicopter\Debug\Helicopter.lib" /MACHINE:X86 Debug\Helicopter.exe.embed.manifest.res
         Debug\01_hello_SDL.obj
       Manifest:
         C:\Program Files (x86)\Microsoft SDKs\Windows\v7.0A\bin\mt.exe /nologo /verbose /out:"Debug\Helicopter.exe.embed.manifest" /manifest Debug\Helicopter.exe.intermediate.manifest
         All outputs are up-to-date.
       LinkEmbedManifest:
         All outputs are up-to-date.
         Helicopter.vcxproj -> C:\Users\arsh\Documents\Visual Studio 2010\Projects\Helicopter\Assembly-Project-2\Helicopter\Debug\Helicopter.exe
       FinalizeBuildStatus:
         Deleting file "Debug\Helicopter.unsuccessfulbuild".
         Touching "Debug\Helicopter.lastbuildstate".
     1>Done Building Project "C:\Users\arsh\Documents\Visual Studio 2010\Projects\Helicopter\Assembly-Project-2\Helicopter\Helicopter\Helicopter.vcxproj" (build target(s)).

Build succeeded.

Time Elapsed 00:00:02.42
